<?xml version="1.0" encoding="UTF-8"?>
<testng-results total="1" passed="1" failed="0" skipped="0">
  <reporter-output>
  </reporter-output>
  <suite started-at="2023-09-10T10:42:26Z" name="Suite" finished-at="2023-09-10T10:42:32Z" duration-ms="5508">
    <groups>
    </groups>
    <test started-at="2023-09-10T10:42:26Z" name="Test" finished-at="2023-09-10T10:42:32Z" duration-ms="5508">
      <class name="test_Cases.FileUploadDemo2">
        <test-method is-config="true" signature="setup()[pri:0, instance:test_Cases.FileUploadDemo2@67d18ed7]" started-at="2023-09-10T12:42:26Z" name="setup" finished-at="2023-09-10T12:42:31Z" duration-ms="4829" status="PASS">
          <reporter-output>
          </reporter-output>
        </test-method> <!-- setup -->
        <test-method signature="robotTest()[pri:0, instance:test_Cases.FileUploadDemo2@67d18ed7]" started-at="2023-09-10T12:42:31Z" name="robotTest" finished-at="2023-09-10T12:42:32Z" duration-ms="664" status="PASS">
          <reporter-output>
          </reporter-output>
        </test-method> <!-- robotTest -->
      </class> <!-- test_Cases.FileUploadDemo2 -->
    </test> <!-- Test -->
  </suite> <!-- Suite -->
</testng-results>
